<?xml version="1.0" encoding="UTF-8"?>
<!-- Generated by org.testng.reporters.JUnitReportReporter -->
<testsuite hostname="chaitu" failures="0" tests="1" name="TestJava.TestClass" time="0.014" errors="0" timestamp="2025-02-02T19:45:59 IST" skipped="0">
  <testcase classname="TestJava.TestClass" name="a" time="0.014"/>
  <system-out/>
</testsuite> <!-- TestJava.TestClass -->
